#
# A fatal error has been detected by the Java Runtime Environment:
#
#  EXCEPTION_ACCESS_VIOLATION (0xc0000005) at pc=0x0000000060ee8845, pid=22380, tid=17320
#
# JRE version: Java(TM) SE Runtime Environment (8.0_60-b27) (build 1.8.0_60-b27)
# Java VM: Java HotSpot(TM) 64-Bit Server VM (25.60-b23 mixed mode windows-amd64 compressed oops)
# Problematic frame:
# V  [jvm.dll+0x128845]
#
# Failed to write core dump. Minidumps are not enabled by default on client versions of Windows
#
# If you would like to submit a bug report, please visit:
#   http://bugreport.java.com/bugreport/crash.jsp
#

---------------  T H R E A D  ---------------

Current thread (0x0000000017744800):  JavaThread "JDWP Transport Listener: dt_socket" daemon [_thread_in_vm, id=17320, stack(0x0000000019150000,0x0000000019250000)]

siginfo: ExceptionCode=0xc0000005, reading address 0xffffffffffffffff

Registers:
RAX=0x000000001924f001, RBX=0x0000000017744800, RCX=0x746e656d003b6c70, RDX=0x0000000000000000
RSP=0x000000001924f090, RBP=0x746e656d003b6c70, RSI=0x000000001924f1a8, RDI=0x0000000001158c90
R8 =0x0000000017744800, R9 =0x0000000000008000, R10=0x676e616c2f617661, R11=0x000000001963e72e
R12=0x0000000000000000, R13=0x0000000017752898, R14=0x0000000000000000, R15=0x0000000000000000
RIP=0x0000000060ee8845, EFLAGS=0x0000000000010202

Top of Stack: (sp=0x000000001924f090)
0x000000001924f090:   0000000017744800 00000000196823a0
0x000000001924f0a0:   000000001924f158 00000000610ee18b
0x000000001924f0b0:   0000000017744800 000000006110a9ed
0x000000001924f0c0:   0000000000000049 0000000060be9155
0x000000001924f0d0:   0000000019601820 0000000060bf291e
0x000000001924f0e0:   0000000017744800 0000000000000000
0x000000001924f0f0:   0000000000000000 0000000000000000
0x000000001924f100:   746e656d003b6c70 0000000060bf1a15
0x000000001924f110:   000000001924f1a8 000000001924f180
0x000000001924f120:   0000000000000001 0000000019601820
0x000000001924f130:   746e656d003b6c70 0000000060bd53b3
0x000000001924f140:   000000001924f270 0000000000000001
0x000000001924f150:   0000000000000001 0000000019601820
0x000000001924f160:   000000000000000a 0000000000000000
0x000000001924f170:   0000000000000000 0000000000000000
0x000000001924f180:   0000000000000001 0000000060bd5571 

Instructions: (pc=0x0000000060ee8845)
0x0000000060ee8825:   cc cc cc cc cc cc cc cc cc cc cc 48 83 ec 28 48
0x0000000060ee8835:   85 c9 75 07 33 c0 48 83 c4 28 c3 48 89 5c 24 20
0x0000000060ee8845:   48 8b 19 48 85 db 74 20 48 83 fb 37 74 1a 48 8b
0x0000000060ee8855:   13 48 8b cb ff 52 10 84 c0 74 0d 48 8b c3 48 8b 


Register to memory mapping:

RAX=0x000000001924f001 is pointing into the stack for thread: 0x0000000017744800
RBX=0x0000000017744800 is a thread
RCX=0x746e656d003b6c70 is an unknown value
RDX=0x0000000000000000 is an unknown value
RSP=0x000000001924f090 is pointing into the stack for thread: 0x0000000017744800
RBP=0x746e656d003b6c70 is an unknown value
RSI=0x000000001924f1a8 is pointing into the stack for thread: 0x0000000017744800
RDI=0x0000000001158c90 is an unknown value
R8 =0x0000000017744800 is a thread
R9 =0x0000000000008000 is an unknown value
R10=0x676e616c2f617661 is an unknown value
R11=0x000000001963e72e is an unknown value
R12=0x0000000000000000 is an unknown value
R13=0x0000000017752898 is an unknown value
R14=0x0000000000000000 is an unknown value
R15=0x0000000000000000 is an unknown value


Stack: [0x0000000019150000,0x0000000019250000],  sp=0x000000001924f090,  free space=1020k
Native frames: (J=compiled Java code, j=interpreted, Vv=VM code, C=native code)
V  [jvm.dll+0x128845]
V  [jvm.dll+0x34a9ed]
C  [jdwp.dll+0x21a15]
C  [jdwp.dll+0x53b3]
C  [jdwp.dll+0x5571]
C  [jdwp.dll+0xf0a8]
C  [jdwp.dll+0x1f2d5]
C  [jdwp.dll+0x1f4aa]
V  [jvm.dll+0x1bb8e8]
V  [jvm.dll+0x243134]
V  [jvm.dll+0x299f6a]
C  [msvcr100.dll+0x21d9f]
C  [msvcr100.dll+0x21e3b]
C  [KERNEL32.DLL+0x13d2]
C  [ntdll.dll+0x154e4]


---------------  P R O C E S S  ---------------

Java Threads: ( => current thread )
  0x0000000019593000 JavaThread "Service Thread" daemon [_thread_blocked, id=20568, stack(0x0000000019b50000,0x0000000019c50000)]
  0x000000001779e000 JavaThread "C1 CompilerThread2" daemon [_thread_blocked, id=1892, stack(0x0000000019a50000,0x0000000019b50000)]
  0x000000001779d000 JavaThread "C2 CompilerThread1" daemon [_thread_blocked, id=12808, stack(0x0000000019950000,0x0000000019a50000)]
  0x0000000017763800 JavaThread "C2 CompilerThread0" daemon [_thread_blocked, id=24964, stack(0x0000000019450000,0x0000000019550000)]
  0x0000000017758800 JavaThread "JDWP Command Reader" daemon [_thread_in_native, id=21616, stack(0x0000000019350000,0x0000000019450000)]
  0x0000000017755000 JavaThread "JDWP Event Helper Thread" daemon [_thread_blocked, id=26036, stack(0x0000000019250000,0x0000000019350000)]
=>0x0000000017744800 JavaThread "JDWP Transport Listener: dt_socket" daemon [_thread_in_vm, id=17320, stack(0x0000000019150000,0x0000000019250000)]
  0x000000001773d800 JavaThread "Attach Listener" daemon [_thread_blocked, id=17572, stack(0x0000000018c80000,0x0000000018d80000)]
  0x000000001773c800 JavaThread "Signal Dispatcher" daemon [_thread_blocked, id=18552, stack(0x0000000018b80000,0x0000000018c80000)]
  0x0000000002c07800 JavaThread "Finalizer" daemon [_thread_blocked, id=22520, stack(0x0000000018990000,0x0000000018a90000)]
  0x0000000002bfe800 JavaThread "Reference Handler" daemon [_thread_blocked, id=25428, stack(0x0000000018890000,0x0000000018990000)]
  0x000000000115e800 JavaThread "main" [_thread_blocked, id=24996, stack(0x0000000001290000,0x0000000001390000)]

Other Threads:
  0x0000000017707800 VMThread [stack: 0x0000000018790000,0x0000000018890000] [id=21644]
  0x000000001779e800 WatcherThread [stack: 0x0000000019c50000,0x0000000019d50000] [id=23540]

VM state:not at safepoint (normal execution)

VM Mutex/Monitor currently owned by a thread: None

Heap:
 PSYoungGen      total 38400K, used 3328K [0x00000000d5f00000, 0x00000000d8980000, 0x0000000100000000)
  eden space 33280K, 10% used [0x00000000d5f00000,0x00000000d6240320,0x00000000d7f80000)
  from space 5120K, 0% used [0x00000000d8480000,0x00000000d8480000,0x00000000d8980000)
  to   space 5120K, 0% used [0x00000000d7f80000,0x00000000d7f80000,0x00000000d8480000)
 ParOldGen       total 87552K, used 0K [0x0000000081c00000, 0x0000000087180000, 0x00000000d5f00000)
  object space 87552K, 0% used [0x0000000081c00000,0x0000000081c00000,0x0000000087180000)
 Metaspace       used 3562K, capacity 4606K, committed 4864K, reserved 1056768K
  class space    used 404K, capacity 430K, committed 512K, reserved 1048576K

Card table byte_map: [0x0000000011fd0000,0x00000000123d0000] byte_map_base: 0x0000000011bc2000

Marking Bits: (ParMarkBitMap*) 0x00000000615ca5b0
 Begin Bits: [0x0000000012a80000, 0x0000000014a10000)
 End Bits:   [0x0000000014a10000, 0x00000000169a0000)

Polling page: 0x0000000001140000

CodeCache: size=245760Kb used=1305Kb max_used=1305Kb free=244454Kb
 bounds [0x0000000002c10000, 0x0000000002e80000, 0x0000000011c10000]
 total_blobs=371 nmethods=125 adapters=167
 compilation: enabled

Compilation events (10 events):
Event: 3.155 Thread 0x000000001779e000  122       3       java.util.regex.Pattern$Start::match (90 bytes)
Event: 3.156 Thread 0x000000001779e000 nmethod 122 0x0000000002d4b250 code [0x0000000002d4b3e0, 0x0000000002d4b808]
Event: 3.156 Thread 0x000000001779e000  123       3       java.util.ArrayList::add (29 bytes)
Event: 3.156 Thread 0x000000001779e000 nmethod 123 0x0000000002d4a950 code [0x0000000002d4aae0, 0x0000000002d4b008]
Event: 3.156 Thread 0x000000001779e000  124       3       java.util.ArrayList::ensureCapacityInternal (23 bytes)
Event: 3.157 Thread 0x000000001779e000 nmethod 124 0x0000000002d54750 code [0x0000000002d548e0, 0x0000000002d54c28]
Event: 3.157 Thread 0x000000001779e000  125       3       java.util.ArrayList::ensureExplicitCapacity (26 bytes)
Event: 3.157 Thread 0x000000001779e000 nmethod 125 0x0000000002d4a510 code [0x0000000002d4a680, 0x0000000002d4a868]
Event: 3.157 Thread 0x000000001779e000  121       3       java.util.regex.Matcher::find (69 bytes)
Event: 3.157 Thread 0x000000001779e000 nmethod 121 0x0000000002d54150 code [0x0000000002d542c0, 0x0000000002d54668]

GC Heap History (0 events):
No events

Deoptimization events (0 events):
No events

Internal exceptions (6 events):
Event: 0.040 Thread 0x000000000115e800 Exception <a 'java/lang/NoSuchMethodError': Method sun.misc.Unsafe.defineClass(Ljava/lang/String;[BII)Ljava/lang/Class; name or signature does not match> (0x00000000d5f0d4b0) thrown at [C:\re\workspace\8-2-build-windows-amd64-cygwin\jdk8u60\4407\hotspot\srç¸ÌÁU§?
Event: 0.040 Thread 0x000000000115e800 Exception <a 'java/lang/NoSuchMethodError': Method sun.misc.Unsafe.prefetchRead(Ljava/lang/Object;J)V name or signature does not match> (0x00000000d5f0d798) thrown at [C:\re\workspace\8-2-build-windows-amd64-cygwin\jdk8u60\4407\hotspot\src\share\vm\prims\j9hÈ∆–?
Event: 0.262 Thread 0x000000000115e800 Exception <a 'java/security/PrivilegedActionException'> (0x00000000d5f95608) thrown at [C:\re\workspace\8-2-build-windows-amd64-cygwin\jdk8u60\4407\hotspot\src\share\vm\prims\jvm.cpp, line 1386]
Event: 0.262 Thread 0x000000000115e800 Exception <a 'java/security/PrivilegedActionException'> (0x00000000d5f95a00) thrown at [C:\re\workspace\8-2-build-windows-amd64-cygwin\jdk8u60\4407\hotspot\src\share\vm\prims\jvm.cpp, line 1386]
Event: 0.263 Thread 0x000000000115e800 Exception <a 'java/security/PrivilegedActionException'> (0x00000000d5f99a30) thrown at [C:\re\workspace\8-2-build-windows-amd64-cygwin\jdk8u60\4407\hotspot\src\share\vm\prims\jvm.cpp, line 1386]
Event: 0.263 Thread 0x000000000115e800 Exception <a 'java/security/PrivilegedActionException'> (0x00000000d5f99e28) thrown at [C:\re\workspace\8-2-build-windows-amd64-cygwin\jdk8u60\4407\hotspot\src\share\vm\prims\jvm.cpp, line 1386]

Events (10 events):
Event: 134.949 Executing VM operation: GetCurrentLocation
Event: 134.949 Executing VM operation: GetCurrentLocation done
Event: 134.949 Executing VM operation: EnterInterpOnlyMode
Event: 134.949 Executing VM operation: EnterInterpOnlyMode done
Event: 134.949 Executing VM operation: ChangeSingleStep
Event: 134.949 Executing VM operation: ChangeSingleStep done
Event: 134.950 Executing VM operation: ChangeSingleStep
Event: 134.950 Executing VM operation: ChangeSingleStep done
Event: 134.954 Executing VM operation: RedefineClasses
Event: 134.955 Executing VM operation: RedefineClasses done


Dynamic libraries:
0x00007ff672aa0000 - 0x00007ff672ad7000 	C:\Program Files\Java\jdk1.8.0_60\bin\javaw.exe
0x00007ffde4fb0000 - 0x00007ffde515d000 	C:\WINDOWS\SYSTEM32\ntdll.dll
0x00007ffde3440000 - 0x00007ffde357e000 	C:\WINDOWS\system32\KERNEL32.DLL
0x00007ffde2290000 - 0x00007ffde23a5000 	C:\WINDOWS\system32\KERNELBASE.dll
0x00007ffde0040000 - 0x00007ffde00ce000 	C:\WINDOWS\system32\apphelp.dll
0x00007ffdc0b70000 - 0x00007ffdc0bc3000 	C:\WINDOWS\AppPatch\AppPatch64\AcGenral.DLL
0x00007ffde4f00000 - 0x00007ffde4faa000 	C:\WINDOWS\system32\msvcrt.dll
0x00007ffde21b0000 - 0x00007ffde21de000 	C:\WINDOWS\system32\SspiCli.dll
0x00007ffde2680000 - 0x00007ffde26d4000 	C:\WINDOWS\system32\SHLWAPI.dll
0x00007ffde2c00000 - 0x00007ffde2d77000 	C:\WINDOWS\system32\USER32.dll
0x00007ffde4b90000 - 0x00007ffde4d24000 	C:\WINDOWS\system32\ole32.dll
0x00007ffde3580000 - 0x00007ffde4aa9000 	C:\WINDOWS\system32\SHELL32.dll
0x00007ffde1680000 - 0x00007ffde16a1000 	C:\WINDOWS\SYSTEM32\USERENV.dll
0x00007ffde26e0000 - 0x00007ffde278a000 	C:\WINDOWS\system32\ADVAPI32.dll
0x00007ffddac50000 - 0x00007ffddac6e000 	C:\WINDOWS\SYSTEM32\MPR.dll
0x00007ffde4da0000 - 0x00007ffde4ee0000 	C:\WINDOWS\system32\RPCRT4.dll
0x00007ffde2d80000 - 0x00007ffde2dd9000 	C:\WINDOWS\SYSTEM32\sechost.dll
0x00007ffde3220000 - 0x00007ffde3431000 	C:\WINDOWS\SYSTEM32\combase.dll
0x00007ffde27a0000 - 0x00007ffde28ef000 	C:\WINDOWS\system32\GDI32.dll
0x00007ffde20e0000 - 0x00007ffde20f5000 	C:\WINDOWS\SYSTEM32\profapi.dll
0x00007ffde0e60000 - 0x00007ffde0f12000 	C:\WINDOWS\SYSTEM32\SHCORE.dll
0x00007ffde2640000 - 0x00007ffde2676000 	C:\WINDOWS\system32\IMM32.DLL
0x00007ffde2aa0000 - 0x00007ffde2bf2000 	C:\WINDOWS\system32\MSCTF.dll
0x00007ffde1190000 - 0x00007ffde140b000 	C:\WINDOWS\WinSxS\amd64_microsoft.windows.common-controls_6595b64144ccf1df_6.0.9600.18006_none_623f33d3ecbe86e8\COMCTL32.dll
0x0000000060c10000 - 0x0000000060ce2000 	C:\Program Files\Java\jdk1.8.0_60\jre\bin\msvcr100.dll
0x0000000060dc0000 - 0x0000000061649000 	C:\Program Files\Java\jdk1.8.0_60\jre\bin\server\jvm.dll
0x00007ffdd1610000 - 0x00007ffdd1619000 	C:\WINDOWS\SYSTEM32\WSOCK32.dll
0x00007ffdd9170000 - 0x00007ffdd9192000 	C:\WINDOWS\SYSTEM32\WINMM.dll
0x00007ffddbba0000 - 0x00007ffddbbaa000 	C:\WINDOWS\SYSTEM32\VERSION.dll
0x00007ffde4ef0000 - 0x00007ffde4ef7000 	C:\WINDOWS\system32\PSAPI.DLL
0x00007ffde31c0000 - 0x00007ffde321a000 	C:\WINDOWS\system32\WS2_32.dll
0x00007ffdd9140000 - 0x00007ffdd916a000 	C:\WINDOWS\SYSTEM32\WINMMBASE.dll
0x00007ffde2790000 - 0x00007ffde2799000 	C:\WINDOWS\system32\NSI.dll
0x00007ffde2240000 - 0x00007ffde228f000 	C:\WINDOWS\SYSTEM32\cfgmgr32.dll
0x00007ffde0450000 - 0x00007ffde0478000 	C:\WINDOWS\SYSTEM32\DEVOBJ.dll
0x0000000060db0000 - 0x0000000060dbf000 	C:\Program Files\Java\jdk1.8.0_60\jre\bin\verify.dll
0x0000000060d80000 - 0x0000000060da9000 	C:\Program Files\Java\jdk1.8.0_60\jre\bin\java.dll
0x0000000060bd0000 - 0x0000000060c05000 	C:\Program Files\Java\jdk1.8.0_60\jre\bin\jdwp.dll
0x0000000060bc0000 - 0x0000000060bc8000 	C:\Program Files\Java\jdk1.8.0_60\jre\bin\npt.dll
0x0000000060d60000 - 0x0000000060d76000 	C:\Program Files\Java\jdk1.8.0_60\jre\bin\zip.dll
0x0000000060bb0000 - 0x0000000060bb9000 	C:\Program Files\Java\jdk1.8.0_60\jre\bin\dt_socket.dll
0x00007ffdcf1c0000 - 0x00007ffdcf1d5000 	C:\WINDOWS\system32\napinsp.dll
0x00007ffdc55f0000 - 0x00007ffdc560a000 	C:\WINDOWS\system32\pnrpnsp.dll
0x00007ffddd150000 - 0x00007ffddd16b000 	C:\WINDOWS\system32\NLAapi.dll
0x00007ffde18f0000 - 0x00007ffde1949000 	C:\WINDOWS\System32\mswsock.dll
0x00007ffde16f0000 - 0x00007ffde1794000 	C:\WINDOWS\SYSTEM32\DNSAPI.dll
0x00007ffddd930000 - 0x00007ffddd93d000 	C:\WINDOWS\System32\winrnr.dll
0x00007ffdbee10000 - 0x00007ffdbee24000 	C:\WINDOWS\system32\wshbth.dll
0x0000000062b10000 - 0x0000000062b36000 	C:\Program Files\Bonjour\mdnsNSP.dll
0x00007ffddc420000 - 0x00007ffddc44a000 	C:\WINDOWS\SYSTEM32\Iphlpapi.DLL
0x00007ffde1120000 - 0x00007ffde112a000 	C:\WINDOWS\SYSTEM32\WINNSI.DLL
0x00007ffddb6e0000 - 0x00007ffddb74b000 	C:\WINDOWS\System32\fwpuclnt.dll
0x00007ffdd1530000 - 0x00007ffdd153a000 	C:\Windows\System32\rasadhlp.dll
0x0000000060d40000 - 0x0000000060d5a000 	C:\Program Files\Java\jdk1.8.0_60\jre\bin\net.dll
0x0000000060d20000 - 0x0000000060d31000 	C:\Program Files\Java\jdk1.8.0_60\jre\bin\nio.dll
0x00007ffddaaa0000 - 0x00007ffddac29000 	C:\WINDOWS\SYSTEM32\dbghelp.dll

VM Arguments:
jvm_args: -agentlib:jdwp=transport=dt_socket,suspend=y,address=localhost:53377 -Dfile.encoding=Cp1252 
java_command: codeConverter.CodeConverter
java_class_path (initial): C:\Users\ASUS\masterarbeit\codeConverter\bin
Launcher Type: SUN_STANDARD

Environment Variables:
PATH=C:\Program Files\Java\jdk1.8.0_60\jre\bin;C:/Program Files/Java/jdk1.8.0_60/bin/../jre/bin/server;C:/Program Files/Java/jdk1.8.0_60/bin/../jre/bin;C:/Program Files/Java/jdk1.8.0_60/bin/../jre/lib/amd64;C:\Program Files (x86)\Borland\Delphi7\Bin;C:\Program Files (x86)\Borland\Delphi7\Projects\Bpl\;C:\PROGRA~1\IMAGIN~1\TOOLCH~1\mips-img-linux-gnu\2015.06-05\bin;C:\PROGRA~1\IMAGIN~1\TOOLCH~1\mips-img-elf\2015.06-05\bin;C:\PROGRA~1\IMAGIN~1\TOOLCH~1\mips-mti-linux-gnu\2015.06-05\bin;C:\PROGRA~1\IMAGIN~1\TOOLCH~1\mips-mti-elf\2015.06-05\bin;C:\Program Files\Microsoft HPC Pack 2008 SDK\Bin\;C:\Program Files\Microsoft HPC Pack 2012\Bin\;C:\WINDOWS\system32;C:\WINDOWS;C:\Program Files\Java\jdk1.8.0_60\bin;C:\Program Files (x86)\Skype\Phone\;C:\Program Files\Intel\WiFi\bin\;C:\Program Files\Common Files\Intel\WirelessCommon\; C:\Program Files\Java\jdk1.8.0_60\bin;D:\texlive\2016\bin\win32;C:\eclipse;
USERNAME=ASUS
OS=Windows_NT
PROCESSOR_IDENTIFIER=Intel64 Family 6 Model 69 Stepping 1, GenuineIntel



---------------  S Y S T E M  ---------------

OS: Windows 8.1 , 64 bit Build 9600 (6.3.9600.17415)

CPU:total 4 (2 cores per cpu, 2 threads per core) family 6 model 69 stepping 1, cmov, cx8, fxsr, mmx, sse, sse2, sse3, ssse3, sse4.1, sse4.2, popcnt, avx, avx2, aes, clmul, erms, lzcnt, ht, tsc, tscinvbit, bmi1, bmi2

Memory: 4k page, physical 8269024k(1305372k free), swap 16657632k(3324356k free)

vm_info: Java HotSpot(TM) 64-Bit Server VM (25.60-b23) for windows-amd64 JRE (1.8.0_60-b27), built on Aug  4 2015 11:06:27 by "java_re" with MS VC++ 10.0 (VS2010)

time: Fri Oct 14 00:23:00 2016
elapsed time: 135 seconds (0d 0h 2m 15s)

